Sun, 15 Nov 2020 15:58:16 GMT - Debug - auth.service - login: liat
Sun, 15 Nov 2020 15:58:28 GMT - Debug - auth.service - login: liat
Sun, 15 Nov 2020 16:00:11 GMT - Debug - auth.service - login: liat
Sun, 15 Nov 2020 16:00:55 GMT - Debug - auth.service - login: liat
Sun, 15 Nov 2020 16:01:42 GMT - Debug - auth.service - login: zvia
Sun, 15 Nov 2020 16:01:55 GMT - Debug - auth.service - login: zvia
Sun, 15 Nov 2020 16:02:21 GMT - Debug - auth.service - login: zvia
Sun, 15 Nov 2020 16:03:04 GMT - Debug - auth.service - login: zvia
Sun, 15 Nov 2020 16:03:55 GMT - Debug - auth.service - login: zvia
Sun, 15 Nov 2020 16:04:46 GMT - Debug - auth.service - login: zvia
Sun, 15 Nov 2020 16:11:33 GMT - Debug - auth.service - login: zvia
Sun, 15 Nov 2020 16:17:07 GMT - Debug - auth.service - login: zvia
Sun, 15 Nov 2020 16:18:32 GMT - Debug - auth.service - login: zvia
Sun, 15 Nov 2020 16:19:32 GMT - Debug - auth.service - login: zvia
Sun, 15 Nov 2020 16:19:33 GMT - Debug - auth.service - login: zvia
Sun, 15 Nov 2020 16:32:21 GMT - Debug - auth.service - login: zvia
Sun, 15 Nov 2020 16:34:15 GMT - Debug - auth.service - login: zvia
Sun, 15 Nov 2020 16:35:35 GMT - Debug - auth.service - login: zvia
Sun, 15 Nov 2020 16:37:12 GMT - Debug - auth.service - login: zvia
Sun, 15 Nov 2020 16:37:16 GMT - Debug - auth.service - login: zvia
Sun, 15 Nov 2020 16:39:25 GMT - Debug - auth.service - login: zvia
Sun, 15 Nov 2020 16:42:36 GMT - Debug - auth.service - login: zvia
Sun, 15 Nov 2020 16:54:51 GMT - Debug - auth.service - login: zvia
Sun, 15 Nov 2020 16:57:34 GMT - Debug - auth.service - login: zvia
Sun, 15 Nov 2020 17:02:59 GMT - Debug - auth.service - login: zvia
Sun, 15 Nov 2020 17:03:40 GMT - Debug - auth.service - login: zvia
Sun, 15 Nov 2020 17:05:17 GMT - Debug - auth.service - login: zvia
Sun, 15 Nov 2020 17:06:13 GMT - Debug - auth.service - login: zvia
Sun, 15 Nov 2020 17:22:45 GMT - Debug - auth.service - login: zvia
Sun, 15 Nov 2020 17:25:00 GMT - Debug - auth.service - login: zvia
Sun, 15 Nov 2020 17:29:09 GMT - Debug - auth.service - login: zvia
Sun, 15 Nov 2020 17:39:26 GMT - Debug - auth.service - login: zvia
Sun, 15 Nov 2020 17:41:35 GMT - Debug - auth.service - login: zvia
Sun, 15 Nov 2020 17:44:16 GMT - Debug - auth.service - login: zvia
Sun, 15 Nov 2020 17:45:00 GMT - Debug - auth.service - login: zvia
Sun, 15 Nov 2020 17:52:18 GMT - Debug - auth.service - login: zvia
Sun, 15 Nov 2020 17:53:38 GMT - Debug - auth.service - login: zvia
Sun, 15 Nov 2020 17:57:25 GMT - Debug - auth.service - login: zvia
Sun, 15 Nov 2020 18:00:31 GMT - Debug - auth.service - login: zvia
Sun, 15 Nov 2020 18:00:37 GMT - Debug - auth.service - login: zvia
Sun, 15 Nov 2020 18:01:12 GMT - Debug - auth.service - login: zvia
Sun, 15 Nov 2020 19:41:10 GMT - Debug - auth.service - login: zvia
Sun, 15 Nov 2020 19:41:35 GMT - Debug - auth.service - login: zvia
Sun, 15 Nov 2020 19:41:46 GMT - Debug - auth.service - login: zvia
Sun, 15 Nov 2020 19:41:58 GMT - Debug - auth.service - login: zvia
Sun, 15 Nov 2020 19:55:35 GMT - Debug - auth.service - login: zvia
Sun, 15 Nov 2020 19:57:32 GMT - Debug - auth.service - login: zvia
Sun, 15 Nov 2020 19:58:17 GMT - Debug - auth.service - login: zvia
Sun, 15 Nov 2020 20:01:09 GMT - Debug - auth.service - login: zvia
Sun, 15 Nov 2020 20:01:59 GMT - Debug - auth.service - login: zx
Sun, 15 Nov 2020 20:02:56 GMT - Debug - auth.service - login: zva
Sun, 15 Nov 2020 20:03:02 GMT - Debug - auth.service - login: zva
Sun, 15 Nov 2020 20:03:03 GMT - Debug - auth.service - login: zva
Sun, 15 Nov 2020 20:03:04 GMT - Debug - auth.service - login: zva
Sun, 15 Nov 2020 20:03:07 GMT - Debug - auth.service - login: zva
Sun, 15 Nov 2020 20:03:10 GMT - Debug - auth.service - login: a
Sun, 15 Nov 2020 20:03:11 GMT - Debug - auth.service - login: a
Sun, 15 Nov 2020 20:03:11 GMT - Debug - auth.service - login: a
Sun, 15 Nov 2020 20:03:39 GMT - Debug - auth.service - login: a
Sun, 15 Nov 2020 20:04:46 GMT - Debug - auth.service - login: s
Sun, 15 Nov 2020 20:05:46 GMT - Debug - auth.service - login: x
Sun, 15 Nov 2020 20:06:45 GMT - Debug - auth.service - login: s
Sun, 15 Nov 2020 20:07:31 GMT - Debug - auth.service - login: sdd
Sun, 15 Nov 2020 20:09:02 GMT - Debug - auth.service - login: z
Sun, 15 Nov 2020 20:10:04 GMT - Debug - auth.service - login: avia
Sun, 15 Nov 2020 20:10:14 GMT - Debug - auth.service - login: zvia
Sun, 15 Nov 2020 20:10:23 GMT - Debug - auth.service - login: zvi
Sun, 15 Nov 2020 20:10:29 GMT - Debug - auth.service - login: zvia
Sun, 15 Nov 2020 20:10:34 GMT - Debug - auth.service - login: zvia
Sun, 15 Nov 2020 20:11:32 GMT - Debug - auth.service - login: zvia
Sun, 15 Nov 2020 20:11:36 GMT - Debug - auth.service - login: d
Sun, 15 Nov 2020 20:15:57 GMT - Debug - auth.service - login: d
Sun, 15 Nov 2020 20:17:53 GMT - Debug - auth.service - login: s
Sun, 15 Nov 2020 20:19:53 GMT - Debug - auth.service - login: s
Sun, 15 Nov 2020 20:20:20 GMT - Debug - auth.service - login: ds
Sun, 15 Nov 2020 20:21:37 GMT - Debug - auth.service - login: דג
Sun, 15 Nov 2020 20:22:44 GMT - Debug - auth.service - login: ג
Sun, 15 Nov 2020 20:23:11 GMT - Debug - auth.service - login: גד
Sun, 15 Nov 2020 20:23:43 GMT - Debug - auth.service - login: ds
Sun, 15 Nov 2020 20:55:10 GMT - Debug - auth.service - login: zvia
Sun, 15 Nov 2020 20:55:12 GMT - Debug - auth.service - login: zvia
Sun, 15 Nov 2020 20:57:40 GMT - Debug - auth.service - login: zvia
Sun, 15 Nov 2020 20:57:42 GMT - Debug - auth.service - login: zvia
Sun, 15 Nov 2020 20:58:57 GMT - Debug - auth.service - login: zvia
Sun, 15 Nov 2020 20:59:20 GMT - Debug - auth.service - login: zvia
Sun, 15 Nov 2020 21:00:57 GMT - Debug - auth.service - login: zvia
Sun, 15 Nov 2020 21:02:05 GMT - Debug - auth.service - login: zvia
Sun, 15 Nov 2020 21:03:09 GMT - Debug - auth.service - login: zvia
Sun, 15 Nov 2020 21:04:22 GMT - Debug - auth.service - login: zvia
Sun, 15 Nov 2020 21:15:13 GMT - Debug - auth.service - login: zvia
Sun, 15 Nov 2020 21:17:33 GMT - Debug - auth.service - login: zvia
Sun, 15 Nov 2020 21:21:42 GMT - Debug - auth.service - login: zvia
Sun, 15 Nov 2020 22:15:26 GMT - Debug - auth.service - login: zvia
Sun, 15 Nov 2020 22:32:33 GMT - Debug - auth.service - login: zvia
Sun, 15 Nov 2020 22:36:57 GMT - Debug - auth.service - login: zvia
Sun, 15 Nov 2020 22:39:26 GMT - Debug - auth.service - login: zvia
Sun, 15 Nov 2020 22:44:06 GMT - Debug - auth.service - login: zvia
Sun, 15 Nov 2020 22:46:08 GMT - Debug - auth.service - login: zvia
Sun, 15 Nov 2020 22:53:12 GMT - Debug - auth.service - login: zvia
Sun, 15 Nov 2020 22:54:23 GMT - Debug - auth.service - login: zvia
Sun, 15 Nov 2020 22:59:43 GMT - Debug - auth.service - login: zvia
Sun, 15 Nov 2020 23:09:17 GMT - Debug - auth.service - login: zvia
Sun, 15 Nov 2020 23:10:55 GMT - Debug - auth.service - login: zvia
Sun, 15 Nov 2020 23:14:47 GMT - Debug - auth.service - login: zvia
Sun, 15 Nov 2020 23:15:24 GMT - Debug - auth.service - login: zvia
Sun, 15 Nov 2020 23:16:48 GMT - Debug - auth.service - login: zvia
Mon, 16 Nov 2020 00:04:01 GMT - Debug - auth.service - login: zvia
Mon, 16 Nov 2020 00:05:19 GMT - Debug - auth.service - login: zvia
Mon, 16 Nov 2020 00:07:01 GMT - Debug - auth.service - login: zvia
Mon, 16 Nov 2020 00:10:15 GMT - Debug - auth.service - login: zvia
Mon, 16 Nov 2020 00:33:06 GMT - Debug - auth.service - login: zvia
Mon, 16 Nov 2020 00:34:01 GMT - Debug - auth.service - login: zvia
Mon, 16 Nov 2020 00:40:36 GMT - Debug - auth.service - login: zvia
Mon, 16 Nov 2020 00:42:17 GMT - Debug - auth.service - login: zvia
Mon, 16 Nov 2020 00:58:17 GMT - Debug - auth.service - login: zvia
Mon, 16 Nov 2020 01:03:04 GMT - Debug - auth.service - login: zvia
Mon, 16 Nov 2020 01:04:24 GMT - Debug - auth.service - login: zvia
Mon, 16 Nov 2020 01:26:23 GMT - Debug - auth.service - login: zvia
Mon, 16 Nov 2020 01:27:17 GMT - Debug - auth.service - login: zvia
Mon, 16 Nov 2020 01:31:48 GMT - Debug - auth.service - login: zvia
Mon, 16 Nov 2020 01:35:19 GMT - Debug - auth.service - login: zvia
Mon, 16 Nov 2020 01:46:42 GMT - Debug - auth.service - login: zvia
Mon, 16 Nov 2020 01:50:11 GMT - Debug - auth.service - login: zvia
Mon, 16 Nov 2020 01:59:21 GMT - Debug - auth.service - login: zvia
Mon, 16 Nov 2020 02:00:37 GMT - Debug - auth.service - login: zvia
Mon, 16 Nov 2020 02:14:07 GMT - Debug - auth.service - login: zvia
Mon, 16 Nov 2020 02:20:02 GMT - Debug - auth.service - login: zvia
Mon, 16 Nov 2020 02:21:14 GMT - Debug - auth.service - login: zvia
Mon, 16 Nov 2020 02:22:06 GMT - Debug - auth.service - login: zvia
Mon, 16 Nov 2020 02:24:36 GMT - Debug - auth.service - login: zvia
Mon, 16 Nov 2020 02:28:06 GMT - Debug - auth.service - login: zvia
Mon, 16 Nov 2020 02:35:23 GMT - Debug - auth.service - login: zvia
Mon, 16 Nov 2020 02:36:51 GMT - Debug - auth.service - login: zvia
Mon, 16 Nov 2020 02:52:49 GMT - Debug - auth.service - login: zvia
Mon, 16 Nov 2020 02:53:50 GMT - Debug - auth.service - login: zvia
Mon, 16 Nov 2020 02:55:33 GMT - Debug - auth.service - login: zvia
Mon, 16 Nov 2020 02:57:13 GMT - Debug - auth.service - login: zvia
Mon, 16 Nov 2020 02:57:19 GMT - Debug - auth.service - login: zvia
Mon, 16 Nov 2020 02:58:20 GMT - Debug - auth.service - login: zvia
Mon, 16 Nov 2020 03:01:10 GMT - Debug - auth.service - login: zvia
Mon, 16 Nov 2020 03:04:50 GMT - Debug - auth.service - login: zvia
Mon, 16 Nov 2020 03:04:56 GMT - Debug - auth.service - login: zvia
Mon, 16 Nov 2020 03:06:51 GMT - Debug - auth.service - login: zvia
Mon, 16 Nov 2020 03:08:31 GMT - Debug - auth.service - login: zvia
Mon, 16 Nov 2020 03:34:30 GMT - Debug - auth.service - login: zvia
Mon, 16 Nov 2020 03:37:24 GMT - Debug - auth.service - login: zvia
Mon, 16 Nov 2020 03:38:36 GMT - Debug - auth.service - login: zvia
Mon, 16 Nov 2020 03:41:27 GMT - Debug - auth.service - login: zvia
Mon, 16 Nov 2020 03:43:52 GMT - Debug - auth.service - login: zvia
Mon, 16 Nov 2020 03:44:41 GMT - Debug - auth.service - login: zvia
Wed, 18 Nov 2020 17:56:46 GMT - Debug - auth.service - login: zvia
Wed, 18 Nov 2020 19:44:56 GMT - Debug - auth.service - login: zvia
Wed, 18 Nov 2020 19:49:29 GMT - Debug - auth.service - login: zvia
Thu, 19 Nov 2020 08:34:13 GMT - Debug - auth.service - login: zvia
Thu, 19 Nov 2020 08:36:19 GMT - Debug - auth.service - login: zvia
Thu, 19 Nov 2020 08:40:58 GMT - Debug - auth.service - login: zvia
Thu, 19 Nov 2020 08:43:31 GMT - Debug - auth.service - login: zvia
Thu, 19 Nov 2020 09:10:00 GMT - Debug - auth.service - login: zvia
Thu, 19 Nov 2020 09:26:04 GMT - Debug - auth.service - login: zvia
Thu, 19 Nov 2020 09:27:48 GMT - Debug - auth.service - login: zvia
Thu, 19 Nov 2020 09:34:21 GMT - Debug - auth.service - login: zvia
Thu, 19 Nov 2020 09:35:49 GMT - Debug - auth.service - login: zvia
Thu, 19 Nov 2020 09:40:54 GMT - Debug - auth.service - login: zvia
Thu, 19 Nov 2020 09:41:46 GMT - Debug - auth.service - login: zvia
Thu, 19 Nov 2020 09:45:21 GMT - Debug - auth.service - login: zvia
Thu, 19 Nov 2020 09:52:16 GMT - Debug - auth.service - login: zvia
Thu, 19 Nov 2020 10:01:52 GMT - Debug - auth.service - login: zvia
Thu, 19 Nov 2020 10:14:39 GMT - Debug - auth.service - login: zvia
Fri, 20 Nov 2020 19:29:49 GMT - Debug - auth.service - login: zvia
Fri, 20 Nov 2020 20:23:03 GMT - Debug - auth.service - login: zvia
Fri, 20 Nov 2020 20:26:35 GMT - Debug - auth.service - login: zvia
Fri, 20 Nov 2020 20:37:11 GMT - Debug - auth.service - login: zvia
Fri, 20 Nov 2020 20:40:13 GMT - Debug - auth.service - login: zvia
Fri, 20 Nov 2020 20:49:11 GMT - Debug - auth.service - login: zvia
Fri, 20 Nov 2020 20:51:35 GMT - Debug - auth.service - login: zvia
Fri, 20 Nov 2020 20:53:58 GMT - Debug - auth.service - login: zvia
Fri, 20 Nov 2020 21:22:50 GMT - Debug - auth.service - login: zvia
Fri, 20 Nov 2020 21:24:09 GMT - Debug - auth.service - login: zvia
Fri, 20 Nov 2020 21:25:43 GMT - Debug - auth.service - login: zvia
Fri, 20 Nov 2020 21:26:31 GMT - Debug - auth.service - login: zvia
Fri, 20 Nov 2020 23:37:30 GMT - Debug - auth.service - login: zvia
Fri, 20 Nov 2020 23:38:36 GMT - Debug - auth.service - login: zvia
Fri, 20 Nov 2020 23:40:31 GMT - Debug - auth.service - login: zvia
Fri, 20 Nov 2020 23:42:43 GMT - Debug - auth.service - login: zvia
Sat, 21 Nov 2020 00:12:40 GMT - Debug - auth.service - login: zvia
Sat, 21 Nov 2020 00:36:58 GMT - Debug - auth.service - login: zvia
Sat, 21 Nov 2020 00:39:31 GMT - Debug - auth.service - login: zvia
Sat, 21 Nov 2020 00:42:55 GMT - Debug - auth.service - login: zvia
Sun, 22 Nov 2020 09:51:30 GMT - Debug - auth.service - login: zvia
Sun, 22 Nov 2020 10:03:44 GMT - Debug - auth.service - login: zvia
Mon, 23 Nov 2020 08:22:30 GMT - Debug - auth.service - login: zvia
Mon, 23 Nov 2020 08:23:46 GMT - Debug - auth.service - login: zvia
Mon, 23 Nov 2020 08:47:10 GMT - Debug - auth.service - login: zvia
Mon, 23 Nov 2020 09:04:02 GMT - Debug - auth.service - login: zvia
Mon, 23 Nov 2020 09:46:03 GMT - Debug - auth.service - login: zvia
Wed, 25 Nov 2020 11:34:10 GMT - Debug - auth.service - login: zvia
Sat, 28 Nov 2020 16:27:21 GMT - Debug - auth.service - login: zvia
Sat, 28 Nov 2020 18:09:13 GMT - Debug - auth.service - login: zvia
Sun, 29 Nov 2020 20:32:09 GMT - Debug - auth.service - login: zvia
Fri, 04 Dec 2020 18:56:52 GMT - Debug - auth.service - login: zvia
Fri, 04 Dec 2020 18:59:46 GMT - Debug - auth.service - login: zvia
Mon, 07 Dec 2020 14:28:39 GMT - Debug - auth.service - login: zvia
Tue, 08 Dec 2020 01:46:50 GMT - Debug - auth.service - login: zvia
Wed, 09 Dec 2020 20:27:32 GMT - Debug - auth.service - login: zvia
Tue, 15 Dec 2020 14:26:24 GMT - Debug - auth.service - login: zvia
Sun, 20 Dec 2020 17:00:11 GMT - Debug - auth.service - login: zvia
Sun, 20 Dec 2020 18:00:05 GMT - Debug - auth.service - login: zvia
Sun, 20 Dec 2020 18:01:13 GMT - Debug - auth.service - login: zvia
Sun, 20 Dec 2020 18:02:02 GMT - Debug - auth.service - login: zvia
Sun, 20 Dec 2020 18:04:33 GMT - Debug - auth.service - login: zvia
Sun, 20 Dec 2020 18:17:08 GMT - Debug - auth.service - login: zvia
Sun, 20 Dec 2020 19:03:47 GMT - Debug - auth.service - login: zvia
Sun, 20 Dec 2020 19:09:21 GMT - Debug - auth.service - login: zvia
Wed, 23 Dec 2020 20:29:25 GMT - Debug - auth.service - login: zvia
Mon, 28 Dec 2020 10:36:29 GMT - Debug - auth.service - login: zvia
Tue, 29 Dec 2020 10:11:46 GMT - Debug - auth.service - login: zvia
Wed, 06 Jan 2021 20:53:41 GMT - Debug - auth.service - login: zvia
Sun, 10 Jan 2021 11:06:13 GMT - Debug - auth.service - login: zvia
Sun, 10 Jan 2021 14:39:29 GMT - Debug - auth.service - login: zvia
Sun, 10 Jan 2021 15:41:51 GMT - Debug - auth.service - login: zvia
Sun, 10 Jan 2021 16:11:41 GMT - Debug - auth.service - login: zvia
